[INFO] Scanning for projects...
[WARNING] 
[WARNING] Some problems were encountered while building the effective model for com.ctrlaltquest:ctrl-alt-quest-frontend:jar:0.1.0-SNAPSHOT
[WARNING] 'dependencies.dependency.(groupId:artifactId:type:classifier)' must be unique: com.google.code.gson:gson:jar -> duplicate declaration of version 2.10.1 @ line 86, column 21
[WARNING] 
[WARNING] It is highly recommended to fix these problems because they threaten the stability of your build.
[WARNING] 
[WARNING] For this reason, future Maven versions might no longer support building such malformed projects.
[WARNING] 
[INFO] 
[INFO] --------------< com.ctrlaltquest:ctrl-alt-quest-frontend >--------------
[INFO] Building Ctrl + Alt + Quest Frontend 0.1.0-SNAPSHOT
[INFO]   from pom.xml
[INFO] --------------------------------[ jar ]---------------------------------
[WARNING] 6 problems were encountered while building the effective model for org.openjfx:javafx-controls:jar:21 during dependency collection step for project (use -X to see details)
[INFO] 
[INFO] --- resources:3.3.1:resources (default-resources) @ ctrl-alt-quest-frontend ---
[INFO] Copying 61 resources from src\main\resources to target\classes
[INFO] 
[INFO] --- compiler:3.12.1:compile (default-compile) @ ctrl-alt-quest-frontend ---
[INFO] Recompiling the module because of changed source code.
[INFO] Compiling 59 source files with javac [debug release 17] to target\classes
[INFO] -------------------------------------------------------------
[ERROR] COMPILATION ERROR : 
[INFO] -------------------------------------------------------------
[ERROR] /c:/Users/Usuario/Desktop/proyecto/Ctrl-Alt-Quest_HerramientaGamificacion/frontend/src/main/java/com/ctrlaltquest/services/XPSyncService.java:[279,49] cannot find symbol
  symbol:   method checkAchievementConditions(int)
  location: class com.ctrlaltquest.services.MissionProgressService
[INFO] 1 error
[INFO] -------------------------------------------------------------
[INFO] ------------------------------------------------------------------------
[INFO] BUILD FAILURE
[INFO] ------------------------------------------------------------------------
[INFO] Total time:  10.849 s
[INFO] Finished at: 2026-02-16T11:26:31-05:00
[INFO] ------------------------------------------------------------------------
[ERROR] Failed to execute goal org.apache.maven.plugins:maven-compiler-plugin:3.12.1:compile (default-compile) on project ctrl-alt-quest-frontend: Compilation failure
[ERROR] /c:/Users/Usuario/Desktop/proyecto/Ctrl-Alt-Quest_HerramientaGamificacion/frontend/src/main/java/com/ctrlaltquest/services/XPSyncService.java:[279,49] cannot find symbol
[ERROR]   symbol:   method checkAchievementConditions(int)
[ERROR]   location: class com.ctrlaltquest.services.MissionProgressService
[ERROR] 
[ERROR] -> [Help 1]
[ERROR] 
[ERROR] To see the full stack trace of the errors, re-run Maven with the -e switch.
[ERROR] Re-run Maven using the -X switch to enable full debug logging.
[ERROR] 
[ERROR] For more information about the errors and possible solutions, please read the following articles:
[ERROR] [Help 1] http://cwiki.apache.org/confluence/display/MAVEN/MojoFailureException
